==22037== Memcheck, a memory error detector
==22037== Copyright (C) 2002-2022, and GNU GPL'd, by Julian Seward et al.
==22037== Using Valgrind-3.20.0 and LibVEX; rerun with -h for copyright info
==22037== Command: ./../src/main input/sensors_clear_easy_1.dat
==22037== Parent PID: 22036
==22037== 
==22037== Invalid read of size 16
==22037==    at 0x108CF8: clear (functii.h:31)
==22037==    by 0x1094EF: main (main.c:158)
==22037==  Address 0x4a4b300 is 96 bytes inside a block of size 13,312 free'd
==22037==    at 0x4867ADC: free (vg_replace_malloc.c:884)
==22037==    by 0x108CC3: clear (functii.h:28)
==22037==    by 0x1094EF: main (main.c:158)
==22037==  Block was alloc'd at
==22037==    at 0x4865168: malloc (vg_replace_malloc.c:393)
==22037==    by 0x108E6B: main (main.c:25)
==22037== 
==22037== Invalid write of size 8
==22037==    at 0x108CFC: clear (functii.h:31)
==22037==    by 0x1094EF: main (main.c:158)
==22037==  Address 0x4a4b2e0 is 64 bytes inside a block of size 13,312 free'd
==22037==    at 0x4867ADC: free (vg_replace_malloc.c:884)
==22037==    by 0x108CC3: clear (functii.h:28)
==22037==    by 0x1094EF: main (main.c:158)
==22037==  Block was alloc'd at
==22037==    at 0x4865168: malloc (vg_replace_malloc.c:393)
==22037==    by 0x108E6B: main (main.c:25)
==22037== 
==22037== Invalid free() / delete / delete[] / realloc()
==22037==    at 0x486A318: realloc (vg_replace_malloc.c:1451)
==22037==    by 0x108D3F: clear (functii.h:34)
==22037==    by 0x1094EF: main (main.c:158)
==22037==  Address 0x4a4b2a0 is 0 bytes inside a block of size 13,312 free'd
==22037==    at 0x4867ADC: free (vg_replace_malloc.c:884)
==22037==    by 0x108CC3: clear (functii.h:28)
==22037==    by 0x1094EF: main (main.c:158)
==22037==  Block was alloc'd at
==22037==    at 0x4865168: malloc (vg_replace_malloc.c:393)
==22037==    by 0x108E6B: main (main.c:25)
==22037== 
==22037== Invalid read of size 4
==22037==    at 0x1093F8: main (main.c:143)
==22037==  Address 0x4a4b300 is 96 bytes inside a block of size 13,312 free'd
==22037==    at 0x4867ADC: free (vg_replace_malloc.c:884)
==22037==    by 0x108CC3: clear (functii.h:28)
==22037==    by 0x1094EF: main (main.c:158)
==22037==  Block was alloc'd at
==22037==    at 0x4865168: malloc (vg_replace_malloc.c:393)
==22037==    by 0x108E6B: main (main.c:25)
==22037== 
==22037== Invalid read of size 8
==22037==    at 0x109414: main (main.c:144)
==22037==  Address 0x4a4b308 is 104 bytes inside a block of size 13,312 free'd
==22037==    at 0x4867ADC: free (vg_replace_malloc.c:884)
==22037==    by 0x108CC3: clear (functii.h:28)
==22037==    by 0x1094EF: main (main.c:158)
==22037==  Block was alloc'd at
==22037==    at 0x4865168: malloc (vg_replace_malloc.c:393)
==22037==    by 0x108E6B: main (main.c:25)
==22037== 
==22037== Invalid read of size 8
==22037==    at 0x108C9C: clear (functii.h:26)
==22037==    by 0x1094EF: main (main.c:158)
==22037==  Address 0x4a4b3d8 is 312 bytes inside a block of size 13,312 free'd
==22037==    at 0x4867ADC: free (vg_replace_malloc.c:884)
==22037==    by 0x108CC3: clear (functii.h:28)
==22037==    by 0x1094EF: main (main.c:158)
==22037==  Block was alloc'd at
==22037==    at 0x4865168: malloc (vg_replace_malloc.c:393)
==22037==    by 0x108E6B: main (main.c:25)
==22037== 
==22037== Invalid read of size 8
==22037==    at 0x108CB4: clear (functii.h:27)
==22037==    by 0x1094EF: main (main.c:158)
==22037==  Address 0x4a4b3c8 is 296 bytes inside a block of size 13,312 free'd
==22037==    at 0x4867ADC: free (vg_replace_malloc.c:884)
==22037==    by 0x108CC3: clear (functii.h:28)
==22037==    by 0x1094EF: main (main.c:158)
==22037==  Block was alloc'd at
==22037==    at 0x4865168: malloc (vg_replace_malloc.c:393)
==22037==    by 0x108E6B: main (main.c:25)
==22037== 
==22037== Invalid free() / delete / delete[] / realloc()
==22037==    at 0x4867ADC: free (vg_replace_malloc.c:884)
==22037==    by 0x108CC3: clear (functii.h:28)
==22037==    by 0x1094EF: main (main.c:158)
==22037==  Address 0x4a4b2a0 is 0 bytes inside a block of size 13,312 free'd
==22037==    at 0x4867ADC: free (vg_replace_malloc.c:884)
==22037==    by 0x108CC3: clear (functii.h:28)
==22037==    by 0x1094EF: main (main.c:158)
==22037==  Block was alloc'd at
==22037==    at 0x4865168: malloc (vg_replace_malloc.c:393)
==22037==    by 0x108E6B: main (main.c:25)
==22037== 
==22037== Invalid read of size 8
==22037==    at 0x109504: main (main.c:161)
==22037==  Address 0x4a4ca48 is 6,056 bytes inside a block of size 13,312 free'd
==22037==    at 0x4867ADC: free (vg_replace_malloc.c:884)
==22037==    by 0x108CC3: clear (functii.h:28)
==22037==    by 0x1094EF: main (main.c:158)
==22037==  Block was alloc'd at
==22037==    at 0x4865168: malloc (vg_replace_malloc.c:393)
==22037==    by 0x108E6B: main (main.c:25)
==22037== 
==22037== Invalid read of size 8
==22037==    at 0x108C9C: clear (functii.h:26)
==22037==    by 0x10958F: main (main.c:171)
==22037==  Address 0x4a4ca78 is 6,104 bytes inside a block of size 13,312 free'd
==22037==    at 0x4867ADC: free (vg_replace_malloc.c:884)
==22037==    by 0x108CC3: clear (functii.h:28)
==22037==    by 0x1094EF: main (main.c:158)
==22037==  Block was alloc'd at
==22037==    at 0x4865168: malloc (vg_replace_malloc.c:393)
==22037==    by 0x108E6B: main (main.c:25)
==22037== 
==22037== Invalid read of size 8
==22037==    at 0x108CB4: clear (functii.h:27)
==22037==    by 0x10958F: main (main.c:171)
==22037==  Address 0x4a4ca68 is 6,088 bytes inside a block of size 13,312 free'd
==22037==    at 0x4867ADC: free (vg_replace_malloc.c:884)
==22037==    by 0x108CC3: clear (functii.h:28)
==22037==    by 0x1094EF: main (main.c:158)
==22037==  Block was alloc'd at
==22037==    at 0x4865168: malloc (vg_replace_malloc.c:393)
==22037==    by 0x108E6B: main (main.c:25)
==22037== 
==22037== Invalid free() / delete / delete[] / realloc()
==22037==    at 0x4867ADC: free (vg_replace_malloc.c:884)
==22037==    by 0x108CC3: clear (functii.h:28)
==22037==    by 0x10958F: main (main.c:171)
==22037==  Address 0x4a4b2a0 is 0 bytes inside a block of size 13,312 free'd
==22037==    at 0x4867ADC: free (vg_replace_malloc.c:884)
==22037==    by 0x108CC3: clear (functii.h:28)
==22037==    by 0x1094EF: main (main.c:158)
==22037==  Block was alloc'd at
==22037==    at 0x4865168: malloc (vg_replace_malloc.c:393)
==22037==    by 0x108E6B: main (main.c:25)
==22037== 
==22037== Invalid read of size 16
==22037==    at 0x108CF8: clear (functii.h:31)
==22037==    by 0x10958F: main (main.c:171)
==22037==  Address 0x4a4ca80 is 6,112 bytes inside a block of size 13,312 free'd
==22037==    at 0x4867ADC: free (vg_replace_malloc.c:884)
==22037==    by 0x108CC3: clear (functii.h:28)
==22037==    by 0x1094EF: main (main.c:158)
==22037==  Block was alloc'd at
==22037==    at 0x4865168: malloc (vg_replace_malloc.c:393)
==22037==    by 0x108E6B: main (main.c:25)
==22037== 
==22037== Invalid write of size 8
==22037==    at 0x108CFC: clear (functii.h:31)
==22037==    by 0x10958F: main (main.c:171)
==22037==  Address 0x4a4ca60 is 6,080 bytes inside a block of size 13,312 free'd
==22037==    at 0x4867ADC: free (vg_replace_malloc.c:884)
==22037==    by 0x108CC3: clear (functii.h:28)
==22037==    by 0x1094EF: main (main.c:158)
==22037==  Block was alloc'd at
==22037==    at 0x4865168: malloc (vg_replace_malloc.c:393)
==22037==    by 0x108E6B: main (main.c:25)
==22037== 
==22037== Invalid free() / delete / delete[] / realloc()
==22037==    at 0x486A318: realloc (vg_replace_malloc.c:1451)
==22037==    by 0x108D3F: clear (functii.h:34)
==22037==    by 0x10958F: main (main.c:171)
==22037==  Address 0x4a4b2a0 is 0 bytes inside a block of size 13,312 free'd
==22037==    at 0x4867ADC: free (vg_replace_malloc.c:884)
==22037==    by 0x108CC3: clear (functii.h:28)
==22037==    by 0x1094EF: main (main.c:158)
==22037==  Block was alloc'd at
==22037==    at 0x4865168: malloc (vg_replace_malloc.c:393)
==22037==    by 0x108E6B: main (main.c:25)
==22037== 
==22037== Invalid read of size 4
==22037==    at 0x109250: main (main.c:106)
==22037==  Address 0x4a4b2a0 is 0 bytes inside a block of size 13,312 free'd
==22037==    at 0x4867ADC: free (vg_replace_malloc.c:884)
==22037==    by 0x108CC3: clear (functii.h:28)
==22037==    by 0x1094EF: main (main.c:158)
==22037==  Block was alloc'd at
==22037==    at 0x4865168: malloc (vg_replace_malloc.c:393)
==22037==    by 0x108E6B: main (main.c:25)
==22037== 
==22037== Invalid read of size 8
==22037==    at 0x109270: main (main.c:107)
==22037==  Address 0x4a4b2a8 is 8 bytes inside a block of size 13,312 free'd
==22037==    at 0x4867ADC: free (vg_replace_malloc.c:884)
==22037==    by 0x108CC3: clear (functii.h:28)
==22037==    by 0x1094EF: main (main.c:158)
==22037==  Block was alloc'd at
==22037==    at 0x4865168: malloc (vg_replace_malloc.c:393)
==22037==    by 0x108E6B: main (main.c:25)
==22037== 
==22037== Invalid read of size 8
==22037==    at 0x109314: main (main.c:117)
==22037==  Address 0x4a4c908 is 5,736 bytes inside a block of size 13,312 free'd
==22037==    at 0x4867ADC: free (vg_replace_malloc.c:884)
==22037==    by 0x108CC3: clear (functii.h:28)
==22037==    by 0x1094EF: main (main.c:158)
==22037==  Block was alloc'd at
==22037==    at 0x4865168: malloc (vg_replace_malloc.c:393)
==22037==    by 0x108E6B: main (main.c:25)
==22037== 
==22037== Invalid read of size 8
==22037==    at 0x108D7C: memfree (functii.h:42)
==22037==    by 0x1096BB: main (main.c:191)
==22037==  Address 0x4a4b2b8 is 24 bytes inside a block of size 13,312 free'd
==22037==    at 0x4867ADC: free (vg_replace_malloc.c:884)
==22037==    by 0x108CC3: clear (functii.h:28)
==22037==    by 0x1094EF: main (main.c:158)
==22037==  Block was alloc'd at
==22037==    at 0x4865168: malloc (vg_replace_malloc.c:393)
==22037==    by 0x108E6B: main (main.c:25)
==22037== 
==22037== Invalid read of size 8
==22037==    at 0x108D94: memfree (functii.h:43)
==22037==    by 0x1096BB: main (main.c:191)
==22037==  Address 0x4a4b2a8 is 8 bytes inside a block of size 13,312 free'd
==22037==    at 0x4867ADC: free (vg_replace_malloc.c:884)
==22037==    by 0x108CC3: clear (functii.h:28)
==22037==    by 0x1094EF: main (main.c:158)
==22037==  Block was alloc'd at
==22037==    at 0x4865168: malloc (vg_replace_malloc.c:393)
==22037==    by 0x108E6B: main (main.c:25)
==22037== 
==22037== Invalid free() / delete / delete[] / realloc()
==22037==    at 0x4867ADC: free (vg_replace_malloc.c:884)
==22037==    by 0x108D83: memfree (functii.h:42)
==22037==    by 0x1096BB: main (main.c:191)
==22037==  Address 0x4a60120 is 0 bytes inside a block of size 16 free'd
==22037==    at 0x4867ADC: free (vg_replace_malloc.c:884)
==22037==    by 0x108D83: memfree (functii.h:42)
==22037==    by 0x1096BB: main (main.c:191)
==22037==  Block was alloc'd at
==22037==    at 0x4865168: malloc (vg_replace_malloc.c:393)
==22037==    by 0x108F9B: main (main.c:51)
==22037== 
==22037== Invalid free() / delete / delete[] / realloc()
==22037==    at 0x4867ADC: free (vg_replace_malloc.c:884)
==22037==    by 0x108D9B: memfree (functii.h:43)
==22037==    by 0x1096BB: main (main.c:191)
==22037==  Address 0x4a600d0 is 0 bytes inside a block of size 16 free'd
==22037==    at 0x4867ADC: free (vg_replace_malloc.c:884)
==22037==    by 0x108D9B: memfree (functii.h:43)
==22037==    by 0x1096BB: main (main.c:191)
==22037==  Block was alloc'd at
==22037==    at 0x4865168: malloc (vg_replace_malloc.c:393)
==22037==    by 0x108ECB: main (main.c:32)
==22037== 
==22037== Invalid free() / delete / delete[] / realloc()
==22037==    at 0x4867ADC: free (vg_replace_malloc.c:884)
==22037==    by 0x108DBF: memfree (functii.h:45)
==22037==    by 0x1096BB: main (main.c:191)
==22037==  Address 0x4a4b2a0 is 0 bytes inside a block of size 13,312 free'd
==22037==    at 0x4867ADC: free (vg_replace_malloc.c:884)
==22037==    by 0x108CC3: clear (functii.h:28)
==22037==    by 0x1094EF: main (main.c:158)
==22037==  Block was alloc'd at
==22037==    at 0x4865168: malloc (vg_replace_malloc.c:393)
==22037==    by 0x108E6B: main (main.c:25)
==22037== 
==22037== 
==22037== HEAP SUMMARY:
==22037==     in use at exit: 0 bytes in 0 blocks
==22037==   total heap usage: 920 allocs, 1,169 frees, 1,141,636 bytes allocated
==22037== 
==22037== All heap blocks were freed -- no leaks are possible
==22037== 
==22037== For lists of detected and suppressed errors, rerun with: -s
==22037== ERROR SUMMARY: 477334 errors from 23 contexts (suppressed: 0 from 0)
