==22219== Memcheck, a memory error detector
==22219== Copyright (C) 2002-2022, and GNU GPL'd, by Julian Seward et al.
==22219== Using Valgrind-3.20.0 and LibVEX; rerun with -h for copyright info
==22219== Command: ./../src/main input/sensors_clear_hard_1.dat
==22219== Parent PID: 22218
==22219== 
==22219== Invalid read of size 16
==22219==    at 0x108CF8: clear (functii.h:31)
==22219==    by 0x1094EF: main (main.c:158)
==22219==  Address 0x4a4b420 is 384 bytes inside a block of size 13,120 free'd
==22219==    at 0x4867ADC: free (vg_replace_malloc.c:884)
==22219==    by 0x108CC3: clear (functii.h:28)
==22219==    by 0x1094EF: main (main.c:158)
==22219==  Block was alloc'd at
==22219==    at 0x4865168: malloc (vg_replace_malloc.c:393)
==22219==    by 0x108E6B: main (main.c:25)
==22219== 
==22219== Invalid write of size 8
==22219==    at 0x108CFC: clear (functii.h:31)
==22219==    by 0x1094EF: main (main.c:158)
==22219==  Address 0x4a4b400 is 352 bytes inside a block of size 13,120 free'd
==22219==    at 0x4867ADC: free (vg_replace_malloc.c:884)
==22219==    by 0x108CC3: clear (functii.h:28)
==22219==    by 0x1094EF: main (main.c:158)
==22219==  Block was alloc'd at
==22219==    at 0x4865168: malloc (vg_replace_malloc.c:393)
==22219==    by 0x108E6B: main (main.c:25)
==22219== 
==22219== Invalid free() / delete / delete[] / realloc()
==22219==    at 0x486A318: realloc (vg_replace_malloc.c:1451)
==22219==    by 0x108D3F: clear (functii.h:34)
==22219==    by 0x1094EF: main (main.c:158)
==22219==  Address 0x4a4b2a0 is 0 bytes inside a block of size 13,120 free'd
==22219==    at 0x4867ADC: free (vg_replace_malloc.c:884)
==22219==    by 0x108CC3: clear (functii.h:28)
==22219==    by 0x1094EF: main (main.c:158)
==22219==  Block was alloc'd at
==22219==    at 0x4865168: malloc (vg_replace_malloc.c:393)
==22219==    by 0x108E6B: main (main.c:25)
==22219== 
==22219== Invalid read of size 4
==22219==    at 0x1093F8: main (main.c:143)
==22219==  Address 0x4a4b420 is 384 bytes inside a block of size 13,120 free'd
==22219==    at 0x4867ADC: free (vg_replace_malloc.c:884)
==22219==    by 0x108CC3: clear (functii.h:28)
==22219==    by 0x1094EF: main (main.c:158)
==22219==  Block was alloc'd at
==22219==    at 0x4865168: malloc (vg_replace_malloc.c:393)
==22219==    by 0x108E6B: main (main.c:25)
==22219== 
==22219== Invalid read of size 8
==22219==    at 0x109414: main (main.c:144)
==22219==  Address 0x4a4b428 is 392 bytes inside a block of size 13,120 free'd
==22219==    at 0x4867ADC: free (vg_replace_malloc.c:884)
==22219==    by 0x108CC3: clear (functii.h:28)
==22219==    by 0x1094EF: main (main.c:158)
==22219==  Block was alloc'd at
==22219==    at 0x4865168: malloc (vg_replace_malloc.c:393)
==22219==    by 0x108E6B: main (main.c:25)
==22219== 
==22219== Invalid read of size 8
==22219==    at 0x108C9C: clear (functii.h:26)
==22219==    by 0x1094EF: main (main.c:158)
==22219==  Address 0x4a4b438 is 408 bytes inside a block of size 13,120 free'd
==22219==    at 0x4867ADC: free (vg_replace_malloc.c:884)
==22219==    by 0x108CC3: clear (functii.h:28)
==22219==    by 0x1094EF: main (main.c:158)
==22219==  Block was alloc'd at
==22219==    at 0x4865168: malloc (vg_replace_malloc.c:393)
==22219==    by 0x108E6B: main (main.c:25)
==22219== 
==22219== Invalid read of size 8
==22219==    at 0x108CB4: clear (functii.h:27)
==22219==    by 0x1094EF: main (main.c:158)
==22219==  Address 0x4a4b428 is 392 bytes inside a block of size 13,120 free'd
==22219==    at 0x4867ADC: free (vg_replace_malloc.c:884)
==22219==    by 0x108CC3: clear (functii.h:28)
==22219==    by 0x1094EF: main (main.c:158)
==22219==  Block was alloc'd at
==22219==    at 0x4865168: malloc (vg_replace_malloc.c:393)
==22219==    by 0x108E6B: main (main.c:25)
==22219== 
==22219== Invalid free() / delete / delete[] / realloc()
==22219==    at 0x4867ADC: free (vg_replace_malloc.c:884)
==22219==    by 0x108CC3: clear (functii.h:28)
==22219==    by 0x1094EF: main (main.c:158)
==22219==  Address 0x4a4b2a0 is 0 bytes inside a block of size 13,120 free'd
==22219==    at 0x4867ADC: free (vg_replace_malloc.c:884)
==22219==    by 0x108CC3: clear (functii.h:28)
==22219==    by 0x1094EF: main (main.c:158)
==22219==  Block was alloc'd at
==22219==    at 0x4865168: malloc (vg_replace_malloc.c:393)
==22219==    by 0x108E6B: main (main.c:25)
==22219== 
==22219== Invalid read of size 8
==22219==    at 0x109504: main (main.c:161)
==22219==  Address 0x4a4c7e8 is 5,448 bytes inside a block of size 13,120 free'd
==22219==    at 0x4867ADC: free (vg_replace_malloc.c:884)
==22219==    by 0x108CC3: clear (functii.h:28)
==22219==    by 0x1094EF: main (main.c:158)
==22219==  Block was alloc'd at
==22219==    at 0x4865168: malloc (vg_replace_malloc.c:393)
==22219==    by 0x108E6B: main (main.c:25)
==22219== 
==22219== Invalid read of size 8
==22219==    at 0x108C9C: clear (functii.h:26)
==22219==    by 0x10958F: main (main.c:171)
==22219==  Address 0x4a4c858 is 5,560 bytes inside a block of size 13,120 free'd
==22219==    at 0x4867ADC: free (vg_replace_malloc.c:884)
==22219==    by 0x108CC3: clear (functii.h:28)
==22219==    by 0x1094EF: main (main.c:158)
==22219==  Block was alloc'd at
==22219==    at 0x4865168: malloc (vg_replace_malloc.c:393)
==22219==    by 0x108E6B: main (main.c:25)
==22219== 
==22219== Invalid read of size 8
==22219==    at 0x108CB4: clear (functii.h:27)
==22219==    by 0x10958F: main (main.c:171)
==22219==  Address 0x4a4c848 is 5,544 bytes inside a block of size 13,120 free'd
==22219==    at 0x4867ADC: free (vg_replace_malloc.c:884)
==22219==    by 0x108CC3: clear (functii.h:28)
==22219==    by 0x1094EF: main (main.c:158)
==22219==  Block was alloc'd at
==22219==    at 0x4865168: malloc (vg_replace_malloc.c:393)
==22219==    by 0x108E6B: main (main.c:25)
==22219== 
==22219== Invalid free() / delete / delete[] / realloc()
==22219==    at 0x4867ADC: free (vg_replace_malloc.c:884)
==22219==    by 0x108CC3: clear (functii.h:28)
==22219==    by 0x10958F: main (main.c:171)
==22219==  Address 0x4a4b2a0 is 0 bytes inside a block of size 13,120 free'd
==22219==    at 0x4867ADC: free (vg_replace_malloc.c:884)
==22219==    by 0x108CC3: clear (functii.h:28)
==22219==    by 0x1094EF: main (main.c:158)
==22219==  Block was alloc'd at
==22219==    at 0x4865168: malloc (vg_replace_malloc.c:393)
==22219==    by 0x108E6B: main (main.c:25)
==22219== 
==22219== Invalid read of size 16
==22219==    at 0x108CF8: clear (functii.h:31)
==22219==    by 0x10958F: main (main.c:171)
==22219==  Address 0x4a4c860 is 5,568 bytes inside a block of size 13,120 free'd
==22219==    at 0x4867ADC: free (vg_replace_malloc.c:884)
==22219==    by 0x108CC3: clear (functii.h:28)
==22219==    by 0x1094EF: main (main.c:158)
==22219==  Block was alloc'd at
==22219==    at 0x4865168: malloc (vg_replace_malloc.c:393)
==22219==    by 0x108E6B: main (main.c:25)
==22219== 
==22219== Invalid write of size 8
==22219==    at 0x108CFC: clear (functii.h:31)
==22219==    by 0x10958F: main (main.c:171)
==22219==  Address 0x4a4c840 is 5,536 bytes inside a block of size 13,120 free'd
==22219==    at 0x4867ADC: free (vg_replace_malloc.c:884)
==22219==    by 0x108CC3: clear (functii.h:28)
==22219==    by 0x1094EF: main (main.c:158)
==22219==  Block was alloc'd at
==22219==    at 0x4865168: malloc (vg_replace_malloc.c:393)
==22219==    by 0x108E6B: main (main.c:25)
==22219== 
==22219== Invalid free() / delete / delete[] / realloc()
==22219==    at 0x486A318: realloc (vg_replace_malloc.c:1451)
==22219==    by 0x108D3F: clear (functii.h:34)
==22219==    by 0x10958F: main (main.c:171)
==22219==  Address 0x4a4b2a0 is 0 bytes inside a block of size 13,120 free'd
==22219==    at 0x4867ADC: free (vg_replace_malloc.c:884)
==22219==    by 0x108CC3: clear (functii.h:28)
==22219==    by 0x1094EF: main (main.c:158)
==22219==  Block was alloc'd at
==22219==    at 0x4865168: malloc (vg_replace_malloc.c:393)
==22219==    by 0x108E6B: main (main.c:25)
==22219== 
==22219== Invalid read of size 4
==22219==    at 0x109250: main (main.c:106)
==22219==  Address 0x4a4b2a0 is 0 bytes inside a block of size 13,120 free'd
==22219==    at 0x4867ADC: free (vg_replace_malloc.c:884)
==22219==    by 0x108CC3: clear (functii.h:28)
==22219==    by 0x1094EF: main (main.c:158)
==22219==  Block was alloc'd at
==22219==    at 0x4865168: malloc (vg_replace_malloc.c:393)
==22219==    by 0x108E6B: main (main.c:25)
==22219== 
==22219== Invalid read of size 8
==22219==    at 0x109270: main (main.c:107)
==22219==  Address 0x4a4b2a8 is 8 bytes inside a block of size 13,120 free'd
==22219==    at 0x4867ADC: free (vg_replace_malloc.c:884)
==22219==    by 0x108CC3: clear (functii.h:28)
==22219==    by 0x1094EF: main (main.c:158)
==22219==  Block was alloc'd at
==22219==    at 0x4865168: malloc (vg_replace_malloc.c:393)
==22219==    by 0x108E6B: main (main.c:25)
==22219== 
==22219== Invalid read of size 4
==22219==    at 0x10967C: main (main.c:181)
==22219==  Address 0x4a4b2b0 is 16 bytes inside a block of size 13,120 free'd
==22219==    at 0x4867ADC: free (vg_replace_malloc.c:884)
==22219==    by 0x108CC3: clear (functii.h:28)
==22219==    by 0x1094EF: main (main.c:158)
==22219==  Block was alloc'd at
==22219==    at 0x4865168: malloc (vg_replace_malloc.c:393)
==22219==    by 0x108E6B: main (main.c:25)
==22219== 
==22219== Invalid read of size 8
==22219==    at 0x10960C: main (main.c:182)
==22219==  Address 0x4a4b2a8 is 8 bytes inside a block of size 13,120 free'd
==22219==    at 0x4867ADC: free (vg_replace_malloc.c:884)
==22219==    by 0x108CC3: clear (functii.h:28)
==22219==    by 0x1094EF: main (main.c:158)
==22219==  Block was alloc'd at
==22219==    at 0x4865168: malloc (vg_replace_malloc.c:393)
==22219==    by 0x108E6B: main (main.c:25)
==22219== 
==22219== Invalid read of size 8
==22219==    at 0x109628: main (main.c:183)
==22219==  Address 0x4a4b2b8 is 24 bytes inside a block of size 13,120 free'd
==22219==    at 0x4867ADC: free (vg_replace_malloc.c:884)
==22219==    by 0x108CC3: clear (functii.h:28)
==22219==    by 0x1094EF: main (main.c:158)
==22219==  Block was alloc'd at
==22219==    at 0x4865168: malloc (vg_replace_malloc.c:393)
==22219==    by 0x108E6B: main (main.c:25)
==22219== 
==22219== Invalid read of size 8
==22219==    at 0x109314: main (main.c:117)
==22219==  Address 0x4a4c708 is 5,224 bytes inside a block of size 13,120 free'd
==22219==    at 0x4867ADC: free (vg_replace_malloc.c:884)
==22219==    by 0x108CC3: clear (functii.h:28)
==22219==    by 0x1094EF: main (main.c:158)
==22219==  Block was alloc'd at
==22219==    at 0x4865168: malloc (vg_replace_malloc.c:393)
==22219==    by 0x108E6B: main (main.c:25)
==22219== 
==22219== Invalid read of size 8
==22219==    at 0x108D7C: memfree (functii.h:42)
==22219==    by 0x1096BB: main (main.c:191)
==22219==  Address 0x4a4b2b8 is 24 bytes inside a block of size 13,120 free'd
==22219==    at 0x4867ADC: free (vg_replace_malloc.c:884)
==22219==    by 0x108CC3: clear (functii.h:28)
==22219==    by 0x1094EF: main (main.c:158)
==22219==  Block was alloc'd at
==22219==    at 0x4865168: malloc (vg_replace_malloc.c:393)
==22219==    by 0x108E6B: main (main.c:25)
==22219== 
==22219== Invalid read of size 8
==22219==    at 0x108D94: memfree (functii.h:43)
==22219==    by 0x1096BB: main (main.c:191)
==22219==  Address 0x4a4b2a8 is 8 bytes inside a block of size 13,120 free'd
==22219==    at 0x4867ADC: free (vg_replace_malloc.c:884)
==22219==    by 0x108CC3: clear (functii.h:28)
==22219==    by 0x1094EF: main (main.c:158)
==22219==  Block was alloc'd at
==22219==    at 0x4865168: malloc (vg_replace_malloc.c:393)
==22219==    by 0x108E6B: main (main.c:25)
==22219== 
==22219== Invalid free() / delete / delete[] / realloc()
==22219==    at 0x4867ADC: free (vg_replace_malloc.c:884)
==22219==    by 0x108D83: memfree (functii.h:42)
==22219==    by 0x1096BB: main (main.c:191)
==22219==  Address 0x4a5fbb0 is 0 bytes inside a block of size 24 free'd
==22219==    at 0x4867ADC: free (vg_replace_malloc.c:884)
==22219==    by 0x108D83: memfree (functii.h:42)
==22219==    by 0x1096BB: main (main.c:191)
==22219==  Block was alloc'd at
==22219==    at 0x4865168: malloc (vg_replace_malloc.c:393)
==22219==    by 0x108F9B: main (main.c:51)
==22219== 
==22219== Invalid free() / delete / delete[] / realloc()
==22219==    at 0x4867ADC: free (vg_replace_malloc.c:884)
==22219==    by 0x108D9B: memfree (functii.h:43)
==22219==    by 0x1096BB: main (main.c:191)
==22219==  Address 0x4a5fb60 is 0 bytes inside a block of size 16 free'd
==22219==    at 0x4867ADC: free (vg_replace_malloc.c:884)
==22219==    by 0x108D9B: memfree (functii.h:43)
==22219==    by 0x1096BB: main (main.c:191)
==22219==  Block was alloc'd at
==22219==    at 0x4865168: malloc (vg_replace_malloc.c:393)
==22219==    by 0x108ECB: main (main.c:32)
==22219== 
==22219== Invalid free() / delete / delete[] / realloc()
==22219==    at 0x4867ADC: free (vg_replace_malloc.c:884)
==22219==    by 0x108DBF: memfree (functii.h:45)
==22219==    by 0x1096BB: main (main.c:191)
==22219==  Address 0x4a4b2a0 is 0 bytes inside a block of size 13,120 free'd
==22219==    at 0x4867ADC: free (vg_replace_malloc.c:884)
==22219==    by 0x108CC3: clear (functii.h:28)
==22219==    by 0x1094EF: main (main.c:158)
==22219==  Block was alloc'd at
==22219==    at 0x4865168: malloc (vg_replace_malloc.c:393)
==22219==    by 0x108E6B: main (main.c:25)
==22219== 
==22219== 
==22219== HEAP SUMMARY:
==22219==     in use at exit: 0 bytes in 0 blocks
==22219==   total heap usage: 907 allocs, 1,153 frees, 1,112,224 bytes allocated
==22219== 
==22219== All heap blocks were freed -- no leaks are possible
==22219== 
==22219== For lists of detected and suppressed errors, rerun with: -s
==22219== ERROR SUMMARY: 459304 errors from 26 contexts (suppressed: 0 from 0)
