==22106== Memcheck, a memory error detector
==22106== Copyright (C) 2002-2022, and GNU GPL'd, by Julian Seward et al.
==22106== Using Valgrind-3.20.0 and LibVEX; rerun with -h for copyright info
==22106== Command: ./../src/main input/sensors_clear_easy_4.dat
==22106== Parent PID: 22105
==22106== 
==22106== Invalid read of size 16
==22106==    at 0x108CF8: clear (functii.h:31)
==22106==    by 0x1094EF: main (main.c:158)
==22106==  Address 0x4a4b300 is 96 bytes inside a block of size 16,000 free'd
==22106==    at 0x4867ADC: free (vg_replace_malloc.c:884)
==22106==    by 0x108CC3: clear (functii.h:28)
==22106==    by 0x1094EF: main (main.c:158)
==22106==  Block was alloc'd at
==22106==    at 0x4865168: malloc (vg_replace_malloc.c:393)
==22106==    by 0x108E6B: main (main.c:25)
==22106== 
==22106== Invalid write of size 8
==22106==    at 0x108CFC: clear (functii.h:31)
==22106==    by 0x1094EF: main (main.c:158)
==22106==  Address 0x4a4b2e0 is 64 bytes inside a block of size 16,000 free'd
==22106==    at 0x4867ADC: free (vg_replace_malloc.c:884)
==22106==    by 0x108CC3: clear (functii.h:28)
==22106==    by 0x1094EF: main (main.c:158)
==22106==  Block was alloc'd at
==22106==    at 0x4865168: malloc (vg_replace_malloc.c:393)
==22106==    by 0x108E6B: main (main.c:25)
==22106== 
==22106== Invalid free() / delete / delete[] / realloc()
==22106==    at 0x486A318: realloc (vg_replace_malloc.c:1451)
==22106==    by 0x108D3F: clear (functii.h:34)
==22106==    by 0x1094EF: main (main.c:158)
==22106==  Address 0x4a4b2a0 is 0 bytes inside a block of size 16,000 free'd
==22106==    at 0x4867ADC: free (vg_replace_malloc.c:884)
==22106==    by 0x108CC3: clear (functii.h:28)
==22106==    by 0x1094EF: main (main.c:158)
==22106==  Block was alloc'd at
==22106==    at 0x4865168: malloc (vg_replace_malloc.c:393)
==22106==    by 0x108E6B: main (main.c:25)
==22106== 
==22106== Invalid read of size 4
==22106==    at 0x1093F8: main (main.c:143)
==22106==  Address 0x4a4b300 is 96 bytes inside a block of size 16,000 free'd
==22106==    at 0x4867ADC: free (vg_replace_malloc.c:884)
==22106==    by 0x108CC3: clear (functii.h:28)
==22106==    by 0x1094EF: main (main.c:158)
==22106==  Block was alloc'd at
==22106==    at 0x4865168: malloc (vg_replace_malloc.c:393)
==22106==    by 0x108E6B: main (main.c:25)
==22106== 
==22106== Invalid read of size 8
==22106==    at 0x109414: main (main.c:144)
==22106==  Address 0x4a4b308 is 104 bytes inside a block of size 16,000 free'd
==22106==    at 0x4867ADC: free (vg_replace_malloc.c:884)
==22106==    by 0x108CC3: clear (functii.h:28)
==22106==    by 0x1094EF: main (main.c:158)
==22106==  Block was alloc'd at
==22106==    at 0x4865168: malloc (vg_replace_malloc.c:393)
==22106==    by 0x108E6B: main (main.c:25)
==22106== 
==22106== Invalid read of size 8
==22106==    at 0x108C9C: clear (functii.h:26)
==22106==    by 0x1094EF: main (main.c:158)
==22106==  Address 0x4a4b398 is 248 bytes inside a block of size 16,000 free'd
==22106==    at 0x4867ADC: free (vg_replace_malloc.c:884)
==22106==    by 0x108CC3: clear (functii.h:28)
==22106==    by 0x1094EF: main (main.c:158)
==22106==  Block was alloc'd at
==22106==    at 0x4865168: malloc (vg_replace_malloc.c:393)
==22106==    by 0x108E6B: main (main.c:25)
==22106== 
==22106== Invalid read of size 8
==22106==    at 0x108CB4: clear (functii.h:27)
==22106==    by 0x1094EF: main (main.c:158)
==22106==  Address 0x4a4b388 is 232 bytes inside a block of size 16,000 free'd
==22106==    at 0x4867ADC: free (vg_replace_malloc.c:884)
==22106==    by 0x108CC3: clear (functii.h:28)
==22106==    by 0x1094EF: main (main.c:158)
==22106==  Block was alloc'd at
==22106==    at 0x4865168: malloc (vg_replace_malloc.c:393)
==22106==    by 0x108E6B: main (main.c:25)
==22106== 
==22106== Invalid free() / delete / delete[] / realloc()
==22106==    at 0x4867ADC: free (vg_replace_malloc.c:884)
==22106==    by 0x108CC3: clear (functii.h:28)
==22106==    by 0x1094EF: main (main.c:158)
==22106==  Address 0x4a4b2a0 is 0 bytes inside a block of size 16,000 free'd
==22106==    at 0x4867ADC: free (vg_replace_malloc.c:884)
==22106==    by 0x108CC3: clear (functii.h:28)
==22106==    by 0x1094EF: main (main.c:158)
==22106==  Block was alloc'd at
==22106==    at 0x4865168: malloc (vg_replace_malloc.c:393)
==22106==    by 0x108E6B: main (main.c:25)
==22106== 
==22106== Invalid read of size 8
==22106==    at 0x109504: main (main.c:161)
==22106==  Address 0x4a4cc88 is 6,632 bytes inside a block of size 16,000 free'd
==22106==    at 0x4867ADC: free (vg_replace_malloc.c:884)
==22106==    by 0x108CC3: clear (functii.h:28)
==22106==    by 0x1094EF: main (main.c:158)
==22106==  Block was alloc'd at
==22106==    at 0x4865168: malloc (vg_replace_malloc.c:393)
==22106==    by 0x108E6B: main (main.c:25)
==22106== 
==22106== Invalid read of size 8
==22106==    at 0x108C9C: clear (functii.h:26)
==22106==    by 0x10958F: main (main.c:171)
==22106==  Address 0x4a4d038 is 7,576 bytes inside a block of size 16,000 free'd
==22106==    at 0x4867ADC: free (vg_replace_malloc.c:884)
==22106==    by 0x108CC3: clear (functii.h:28)
==22106==    by 0x1094EF: main (main.c:158)
==22106==  Block was alloc'd at
==22106==    at 0x4865168: malloc (vg_replace_malloc.c:393)
==22106==    by 0x108E6B: main (main.c:25)
==22106== 
==22106== Invalid read of size 8
==22106==    at 0x108CB4: clear (functii.h:27)
==22106==    by 0x10958F: main (main.c:171)
==22106==  Address 0x4a4d028 is 7,560 bytes inside a block of size 16,000 free'd
==22106==    at 0x4867ADC: free (vg_replace_malloc.c:884)
==22106==    by 0x108CC3: clear (functii.h:28)
==22106==    by 0x1094EF: main (main.c:158)
==22106==  Block was alloc'd at
==22106==    at 0x4865168: malloc (vg_replace_malloc.c:393)
==22106==    by 0x108E6B: main (main.c:25)
==22106== 
==22106== Invalid free() / delete / delete[] / realloc()
==22106==    at 0x4867ADC: free (vg_replace_malloc.c:884)
==22106==    by 0x108CC3: clear (functii.h:28)
==22106==    by 0x10958F: main (main.c:171)
==22106==  Address 0x4a4b2a0 is 0 bytes inside a block of size 16,000 free'd
==22106==    at 0x4867ADC: free (vg_replace_malloc.c:884)
==22106==    by 0x108CC3: clear (functii.h:28)
==22106==    by 0x1094EF: main (main.c:158)
==22106==  Block was alloc'd at
==22106==    at 0x4865168: malloc (vg_replace_malloc.c:393)
==22106==    by 0x108E6B: main (main.c:25)
==22106== 
==22106== Invalid read of size 16
==22106==    at 0x108CF8: clear (functii.h:31)
==22106==    by 0x10958F: main (main.c:171)
==22106==  Address 0x4a4d040 is 7,584 bytes inside a block of size 16,000 free'd
==22106==    at 0x4867ADC: free (vg_replace_malloc.c:884)
==22106==    by 0x108CC3: clear (functii.h:28)
==22106==    by 0x1094EF: main (main.c:158)
==22106==  Block was alloc'd at
==22106==    at 0x4865168: malloc (vg_replace_malloc.c:393)
==22106==    by 0x108E6B: main (main.c:25)
==22106== 
==22106== Invalid write of size 8
==22106==    at 0x108CFC: clear (functii.h:31)
==22106==    by 0x10958F: main (main.c:171)
==22106==  Address 0x4a4d020 is 7,552 bytes inside a block of size 16,000 free'd
==22106==    at 0x4867ADC: free (vg_replace_malloc.c:884)
==22106==    by 0x108CC3: clear (functii.h:28)
==22106==    by 0x1094EF: main (main.c:158)
==22106==  Block was alloc'd at
==22106==    at 0x4865168: malloc (vg_replace_malloc.c:393)
==22106==    by 0x108E6B: main (main.c:25)
==22106== 
==22106== Invalid free() / delete / delete[] / realloc()
==22106==    at 0x486A318: realloc (vg_replace_malloc.c:1451)
==22106==    by 0x108D3F: clear (functii.h:34)
==22106==    by 0x10958F: main (main.c:171)
==22106==  Address 0x4a4b2a0 is 0 bytes inside a block of size 16,000 free'd
==22106==    at 0x4867ADC: free (vg_replace_malloc.c:884)
==22106==    by 0x108CC3: clear (functii.h:28)
==22106==    by 0x1094EF: main (main.c:158)
==22106==  Block was alloc'd at
==22106==    at 0x4865168: malloc (vg_replace_malloc.c:393)
==22106==    by 0x108E6B: main (main.c:25)
==22106== 
==22106== Invalid read of size 4
==22106==    at 0x109250: main (main.c:106)
==22106==  Address 0x4a4b2a0 is 0 bytes inside a block of size 16,000 free'd
==22106==    at 0x4867ADC: free (vg_replace_malloc.c:884)
==22106==    by 0x108CC3: clear (functii.h:28)
==22106==    by 0x1094EF: main (main.c:158)
==22106==  Block was alloc'd at
==22106==    at 0x4865168: malloc (vg_replace_malloc.c:393)
==22106==    by 0x108E6B: main (main.c:25)
==22106== 
==22106== Invalid read of size 8
==22106==    at 0x109270: main (main.c:107)
==22106==  Address 0x4a4b2a8 is 8 bytes inside a block of size 16,000 free'd
==22106==    at 0x4867ADC: free (vg_replace_malloc.c:884)
==22106==    by 0x108CC3: clear (functii.h:28)
==22106==    by 0x1094EF: main (main.c:158)
==22106==  Block was alloc'd at
==22106==    at 0x4865168: malloc (vg_replace_malloc.c:393)
==22106==    by 0x108E6B: main (main.c:25)
==22106== 
==22106== Invalid read of size 8
==22106==    at 0x109314: main (main.c:117)
==22106==  Address 0x4a4cbe8 is 6,472 bytes inside a block of size 16,000 free'd
==22106==    at 0x4867ADC: free (vg_replace_malloc.c:884)
==22106==    by 0x108CC3: clear (functii.h:28)
==22106==    by 0x1094EF: main (main.c:158)
==22106==  Block was alloc'd at
==22106==    at 0x4865168: malloc (vg_replace_malloc.c:393)
==22106==    by 0x108E6B: main (main.c:25)
==22106== 
==22106== Invalid read of size 8
==22106==    at 0x108D7C: memfree (functii.h:42)
==22106==    by 0x1096BB: main (main.c:191)
==22106==  Address 0x4a4b2b8 is 24 bytes inside a block of size 16,000 free'd
==22106==    at 0x4867ADC: free (vg_replace_malloc.c:884)
==22106==    by 0x108CC3: clear (functii.h:28)
==22106==    by 0x1094EF: main (main.c:158)
==22106==  Block was alloc'd at
==22106==    at 0x4865168: malloc (vg_replace_malloc.c:393)
==22106==    by 0x108E6B: main (main.c:25)
==22106== 
==22106== Invalid read of size 8
==22106==    at 0x108D94: memfree (functii.h:43)
==22106==    by 0x1096BB: main (main.c:191)
==22106==  Address 0x4a4b2a8 is 8 bytes inside a block of size 16,000 free'd
==22106==    at 0x4867ADC: free (vg_replace_malloc.c:884)
==22106==    by 0x108CC3: clear (functii.h:28)
==22106==    by 0x1094EF: main (main.c:158)
==22106==  Block was alloc'd at
==22106==    at 0x4865168: malloc (vg_replace_malloc.c:393)
==22106==    by 0x108E6B: main (main.c:25)
==22106== 
==22106== Invalid free() / delete / delete[] / realloc()
==22106==    at 0x4867ADC: free (vg_replace_malloc.c:884)
==22106==    by 0x108D83: memfree (functii.h:42)
==22106==    by 0x1096BB: main (main.c:191)
==22106==  Address 0x4a640d0 is 0 bytes inside a block of size 4 free'd
==22106==    at 0x4867ADC: free (vg_replace_malloc.c:884)
==22106==    by 0x108D83: memfree (functii.h:42)
==22106==    by 0x1096BB: main (main.c:191)
==22106==  Block was alloc'd at
==22106==    at 0x4865168: malloc (vg_replace_malloc.c:393)
==22106==    by 0x108F9B: main (main.c:51)
==22106== 
==22106== Invalid free() / delete / delete[] / realloc()
==22106==    at 0x4867ADC: free (vg_replace_malloc.c:884)
==22106==    by 0x108D9B: memfree (functii.h:43)
==22106==    by 0x1096BB: main (main.c:191)
==22106==  Address 0x4a64080 is 0 bytes inside a block of size 16 free'd
==22106==    at 0x4867ADC: free (vg_replace_malloc.c:884)
==22106==    by 0x108D9B: memfree (functii.h:43)
==22106==    by 0x1096BB: main (main.c:191)
==22106==  Block was alloc'd at
==22106==    at 0x4865168: malloc (vg_replace_malloc.c:393)
==22106==    by 0x108ECB: main (main.c:32)
==22106== 
==22106== Invalid free() / delete / delete[] / realloc()
==22106==    at 0x4867ADC: free (vg_replace_malloc.c:884)
==22106==    by 0x108DBF: memfree (functii.h:45)
==22106==    by 0x1096BB: main (main.c:191)
==22106==  Address 0x4a4b2a0 is 0 bytes inside a block of size 16,000 free'd
==22106==    at 0x4867ADC: free (vg_replace_malloc.c:884)
==22106==    by 0x108CC3: clear (functii.h:28)
==22106==    by 0x1094EF: main (main.c:158)
==22106==  Block was alloc'd at
==22106==    at 0x4865168: malloc (vg_replace_malloc.c:393)
==22106==    by 0x108E6B: main (main.c:25)
==22106== 
==22106== 
==22106== HEAP SUMMARY:
==22106==     in use at exit: 0 bytes in 0 blocks
==22106==   total heap usage: 1,105 allocs, 1,405 frees, 1,641,368 bytes allocated
==22106== 
==22106== All heap blocks were freed -- no leaks are possible
==22106== 
==22106== For lists of detected and suppressed errors, rerun with: -s
==22106== ERROR SUMMARY: 661824 errors from 23 contexts (suppressed: 0 from 0)
