==22104== Memcheck, a memory error detector
==22104== Copyright (C) 2002-2022, and GNU GPL'd, by Julian Seward et al.
==22104== Using Valgrind-3.20.0 and LibVEX; rerun with -h for copyright info
==22104== Command: ./../src/main input/sensors_clear_easy_3.dat
==22104== Parent PID: 22103
==22104== 
==22104== Invalid read of size 16
==22104==    at 0x108CF8: clear (functii.h:31)
==22104==    by 0x1094EF: main (main.c:158)
==22104==  Address 0x4a4b360 is 192 bytes inside a block of size 14,752 free'd
==22104==    at 0x4867ADC: free (vg_replace_malloc.c:884)
==22104==    by 0x108CC3: clear (functii.h:28)
==22104==    by 0x1094EF: main (main.c:158)
==22104==  Block was alloc'd at
==22104==    at 0x4865168: malloc (vg_replace_malloc.c:393)
==22104==    by 0x108E6B: main (main.c:25)
==22104== 
==22104== Invalid write of size 8
==22104==    at 0x108CFC: clear (functii.h:31)
==22104==    by 0x1094EF: main (main.c:158)
==22104==  Address 0x4a4b340 is 160 bytes inside a block of size 14,752 free'd
==22104==    at 0x4867ADC: free (vg_replace_malloc.c:884)
==22104==    by 0x108CC3: clear (functii.h:28)
==22104==    by 0x1094EF: main (main.c:158)
==22104==  Block was alloc'd at
==22104==    at 0x4865168: malloc (vg_replace_malloc.c:393)
==22104==    by 0x108E6B: main (main.c:25)
==22104== 
==22104== Invalid free() / delete / delete[] / realloc()
==22104==    at 0x486A318: realloc (vg_replace_malloc.c:1451)
==22104==    by 0x108D3F: clear (functii.h:34)
==22104==    by 0x1094EF: main (main.c:158)
==22104==  Address 0x4a4b2a0 is 0 bytes inside a block of size 14,752 free'd
==22104==    at 0x4867ADC: free (vg_replace_malloc.c:884)
==22104==    by 0x108CC3: clear (functii.h:28)
==22104==    by 0x1094EF: main (main.c:158)
==22104==  Block was alloc'd at
==22104==    at 0x4865168: malloc (vg_replace_malloc.c:393)
==22104==    by 0x108E6B: main (main.c:25)
==22104== 
==22104== Invalid read of size 4
==22104==    at 0x1093F8: main (main.c:143)
==22104==  Address 0x4a4b360 is 192 bytes inside a block of size 14,752 free'd
==22104==    at 0x4867ADC: free (vg_replace_malloc.c:884)
==22104==    by 0x108CC3: clear (functii.h:28)
==22104==    by 0x1094EF: main (main.c:158)
==22104==  Block was alloc'd at
==22104==    at 0x4865168: malloc (vg_replace_malloc.c:393)
==22104==    by 0x108E6B: main (main.c:25)
==22104== 
==22104== Invalid read of size 8
==22104==    at 0x109414: main (main.c:144)
==22104==  Address 0x4a4b368 is 200 bytes inside a block of size 14,752 free'd
==22104==    at 0x4867ADC: free (vg_replace_malloc.c:884)
==22104==    by 0x108CC3: clear (functii.h:28)
==22104==    by 0x1094EF: main (main.c:158)
==22104==  Block was alloc'd at
==22104==    at 0x4865168: malloc (vg_replace_malloc.c:393)
==22104==    by 0x108E6B: main (main.c:25)
==22104== 
==22104== Invalid read of size 8
==22104==    at 0x108C9C: clear (functii.h:26)
==22104==    by 0x1094EF: main (main.c:158)
==22104==  Address 0x4a4b458 is 440 bytes inside a block of size 14,752 free'd
==22104==    at 0x4867ADC: free (vg_replace_malloc.c:884)
==22104==    by 0x108CC3: clear (functii.h:28)
==22104==    by 0x1094EF: main (main.c:158)
==22104==  Block was alloc'd at
==22104==    at 0x4865168: malloc (vg_replace_malloc.c:393)
==22104==    by 0x108E6B: main (main.c:25)
==22104== 
==22104== Invalid read of size 8
==22104==    at 0x108CB4: clear (functii.h:27)
==22104==    by 0x1094EF: main (main.c:158)
==22104==  Address 0x4a4b448 is 424 bytes inside a block of size 14,752 free'd
==22104==    at 0x4867ADC: free (vg_replace_malloc.c:884)
==22104==    by 0x108CC3: clear (functii.h:28)
==22104==    by 0x1094EF: main (main.c:158)
==22104==  Block was alloc'd at
==22104==    at 0x4865168: malloc (vg_replace_malloc.c:393)
==22104==    by 0x108E6B: main (main.c:25)
==22104== 
==22104== Invalid free() / delete / delete[] / realloc()
==22104==    at 0x4867ADC: free (vg_replace_malloc.c:884)
==22104==    by 0x108CC3: clear (functii.h:28)
==22104==    by 0x1094EF: main (main.c:158)
==22104==  Address 0x4a4b2a0 is 0 bytes inside a block of size 14,752 free'd
==22104==    at 0x4867ADC: free (vg_replace_malloc.c:884)
==22104==    by 0x108CC3: clear (functii.h:28)
==22104==    by 0x1094EF: main (main.c:158)
==22104==  Block was alloc'd at
==22104==    at 0x4865168: malloc (vg_replace_malloc.c:393)
==22104==    by 0x108E6B: main (main.c:25)
==22104== 
==22104== Invalid read of size 8
==22104==    at 0x109504: main (main.c:161)
==22104==  Address 0x4a4cba8 is 6,408 bytes inside a block of size 14,752 free'd
==22104==    at 0x4867ADC: free (vg_replace_malloc.c:884)
==22104==    by 0x108CC3: clear (functii.h:28)
==22104==    by 0x1094EF: main (main.c:158)
==22104==  Block was alloc'd at
==22104==    at 0x4865168: malloc (vg_replace_malloc.c:393)
==22104==    by 0x108E6B: main (main.c:25)
==22104== 
==22104== Invalid read of size 8
==22104==    at 0x108C9C: clear (functii.h:26)
==22104==    by 0x10958F: main (main.c:171)
==22104==  Address 0x4a4cbd8 is 6,456 bytes inside a block of size 14,752 free'd
==22104==    at 0x4867ADC: free (vg_replace_malloc.c:884)
==22104==    by 0x108CC3: clear (functii.h:28)
==22104==    by 0x1094EF: main (main.c:158)
==22104==  Block was alloc'd at
==22104==    at 0x4865168: malloc (vg_replace_malloc.c:393)
==22104==    by 0x108E6B: main (main.c:25)
==22104== 
==22104== Invalid read of size 8
==22104==    at 0x108CB4: clear (functii.h:27)
==22104==    by 0x10958F: main (main.c:171)
==22104==  Address 0x4a4cbc8 is 6,440 bytes inside a block of size 14,752 free'd
==22104==    at 0x4867ADC: free (vg_replace_malloc.c:884)
==22104==    by 0x108CC3: clear (functii.h:28)
==22104==    by 0x1094EF: main (main.c:158)
==22104==  Block was alloc'd at
==22104==    at 0x4865168: malloc (vg_replace_malloc.c:393)
==22104==    by 0x108E6B: main (main.c:25)
==22104== 
==22104== Invalid free() / delete / delete[] / realloc()
==22104==    at 0x4867ADC: free (vg_replace_malloc.c:884)
==22104==    by 0x108CC3: clear (functii.h:28)
==22104==    by 0x10958F: main (main.c:171)
==22104==  Address 0x4a4b2a0 is 0 bytes inside a block of size 14,752 free'd
==22104==    at 0x4867ADC: free (vg_replace_malloc.c:884)
==22104==    by 0x108CC3: clear (functii.h:28)
==22104==    by 0x1094EF: main (main.c:158)
==22104==  Block was alloc'd at
==22104==    at 0x4865168: malloc (vg_replace_malloc.c:393)
==22104==    by 0x108E6B: main (main.c:25)
==22104== 
==22104== Invalid read of size 16
==22104==    at 0x108CF8: clear (functii.h:31)
==22104==    by 0x10958F: main (main.c:171)
==22104==  Address 0x4a4cbe0 is 6,464 bytes inside a block of size 14,752 free'd
==22104==    at 0x4867ADC: free (vg_replace_malloc.c:884)
==22104==    by 0x108CC3: clear (functii.h:28)
==22104==    by 0x1094EF: main (main.c:158)
==22104==  Block was alloc'd at
==22104==    at 0x4865168: malloc (vg_replace_malloc.c:393)
==22104==    by 0x108E6B: main (main.c:25)
==22104== 
==22104== Invalid write of size 8
==22104==    at 0x108CFC: clear (functii.h:31)
==22104==    by 0x10958F: main (main.c:171)
==22104==  Address 0x4a4cbc0 is 6,432 bytes inside a block of size 14,752 free'd
==22104==    at 0x4867ADC: free (vg_replace_malloc.c:884)
==22104==    by 0x108CC3: clear (functii.h:28)
==22104==    by 0x1094EF: main (main.c:158)
==22104==  Block was alloc'd at
==22104==    at 0x4865168: malloc (vg_replace_malloc.c:393)
==22104==    by 0x108E6B: main (main.c:25)
==22104== 
==22104== Invalid free() / delete / delete[] / realloc()
==22104==    at 0x486A318: realloc (vg_replace_malloc.c:1451)
==22104==    by 0x108D3F: clear (functii.h:34)
==22104==    by 0x10958F: main (main.c:171)
==22104==  Address 0x4a4b2a0 is 0 bytes inside a block of size 14,752 free'd
==22104==    at 0x4867ADC: free (vg_replace_malloc.c:884)
==22104==    by 0x108CC3: clear (functii.h:28)
==22104==    by 0x1094EF: main (main.c:158)
==22104==  Block was alloc'd at
==22104==    at 0x4865168: malloc (vg_replace_malloc.c:393)
==22104==    by 0x108E6B: main (main.c:25)
==22104== 
==22104== Invalid read of size 4
==22104==    at 0x109250: main (main.c:106)
==22104==  Address 0x4a4b2a0 is 0 bytes inside a block of size 14,752 free'd
==22104==    at 0x4867ADC: free (vg_replace_malloc.c:884)
==22104==    by 0x108CC3: clear (functii.h:28)
==22104==    by 0x1094EF: main (main.c:158)
==22104==  Block was alloc'd at
==22104==    at 0x4865168: malloc (vg_replace_malloc.c:393)
==22104==    by 0x108E6B: main (main.c:25)
==22104== 
==22104== Invalid read of size 8
==22104==    at 0x109270: main (main.c:107)
==22104==  Address 0x4a4b2a8 is 8 bytes inside a block of size 14,752 free'd
==22104==    at 0x4867ADC: free (vg_replace_malloc.c:884)
==22104==    by 0x108CC3: clear (functii.h:28)
==22104==    by 0x1094EF: main (main.c:158)
==22104==  Block was alloc'd at
==22104==    at 0x4865168: malloc (vg_replace_malloc.c:393)
==22104==    by 0x108E6B: main (main.c:25)
==22104== 
==22104== Invalid read of size 8
==22104==    at 0x109314: main (main.c:117)
==22104==  Address 0x4a4cae8 is 6,216 bytes inside a block of size 14,752 free'd
==22104==    at 0x4867ADC: free (vg_replace_malloc.c:884)
==22104==    by 0x108CC3: clear (functii.h:28)
==22104==    by 0x1094EF: main (main.c:158)
==22104==  Block was alloc'd at
==22104==    at 0x4865168: malloc (vg_replace_malloc.c:393)
==22104==    by 0x108E6B: main (main.c:25)
==22104== 
==22104== Invalid read of size 8
==22104==    at 0x108D7C: memfree (functii.h:42)
==22104==    by 0x1096BB: main (main.c:191)
==22104==  Address 0x4a4b2b8 is 24 bytes inside a block of size 14,752 free'd
==22104==    at 0x4867ADC: free (vg_replace_malloc.c:884)
==22104==    by 0x108CC3: clear (functii.h:28)
==22104==    by 0x1094EF: main (main.c:158)
==22104==  Block was alloc'd at
==22104==    at 0x4865168: malloc (vg_replace_malloc.c:393)
==22104==    by 0x108E6B: main (main.c:25)
==22104== 
==22104== Invalid read of size 8
==22104==    at 0x108D94: memfree (functii.h:43)
==22104==    by 0x1096BB: main (main.c:191)
==22104==  Address 0x4a4b2a8 is 8 bytes inside a block of size 14,752 free'd
==22104==    at 0x4867ADC: free (vg_replace_malloc.c:884)
==22104==    by 0x108CC3: clear (functii.h:28)
==22104==    by 0x1094EF: main (main.c:158)
==22104==  Block was alloc'd at
==22104==    at 0x4865168: malloc (vg_replace_malloc.c:393)
==22104==    by 0x108E6B: main (main.c:25)
==22104== 
==22104== Invalid free() / delete / delete[] / realloc()
==22104==    at 0x4867ADC: free (vg_replace_malloc.c:884)
==22104==    by 0x108D83: memfree (functii.h:42)
==22104==    by 0x1096BB: main (main.c:191)
==22104==  Address 0x4a62460 is 0 bytes inside a block of size 4 free'd
==22104==    at 0x4867ADC: free (vg_replace_malloc.c:884)
==22104==    by 0x108D83: memfree (functii.h:42)
==22104==    by 0x1096BB: main (main.c:191)
==22104==  Block was alloc'd at
==22104==    at 0x4865168: malloc (vg_replace_malloc.c:393)
==22104==    by 0x108F9B: main (main.c:51)
==22104== 
==22104== Invalid free() / delete / delete[] / realloc()
==22104==    at 0x4867ADC: free (vg_replace_malloc.c:884)
==22104==    by 0x108D9B: memfree (functii.h:43)
==22104==    by 0x1096BB: main (main.c:191)
==22104==  Address 0x4a62410 is 0 bytes inside a block of size 16 free'd
==22104==    at 0x4867ADC: free (vg_replace_malloc.c:884)
==22104==    by 0x108D9B: memfree (functii.h:43)
==22104==    by 0x1096BB: main (main.c:191)
==22104==  Block was alloc'd at
==22104==    at 0x4865168: malloc (vg_replace_malloc.c:393)
==22104==    by 0x108ECB: main (main.c:32)
==22104== 
==22104== Invalid free() / delete / delete[] / realloc()
==22104==    at 0x4867ADC: free (vg_replace_malloc.c:884)
==22104==    by 0x108DBF: memfree (functii.h:45)
==22104==    by 0x1096BB: main (main.c:191)
==22104==  Address 0x4a4b2a0 is 0 bytes inside a block of size 14,752 free'd
==22104==    at 0x4867ADC: free (vg_replace_malloc.c:884)
==22104==    by 0x108CC3: clear (functii.h:28)
==22104==    by 0x1094EF: main (main.c:158)
==22104==  Block was alloc'd at
==22104==    at 0x4865168: malloc (vg_replace_malloc.c:393)
==22104==    by 0x108E6B: main (main.c:25)
==22104== 
==22104== 
==22104== HEAP SUMMARY:
==22104==     in use at exit: 0 bytes in 0 blocks
==22104==   total heap usage: 1,019 allocs, 1,295 frees, 1,396,320 bytes allocated
==22104== 
==22104== All heap blocks were freed -- no leaks are possible
==22104== 
==22104== For lists of detected and suppressed errors, rerun with: -s
==22104== ERROR SUMMARY: 563722 errors from 23 contexts (suppressed: 0 from 0)
