==22039== Memcheck, a memory error detector
==22039== Copyright (C) 2002-2022, and GNU GPL'd, by Julian Seward et al.
==22039== Using Valgrind-3.20.0 and LibVEX; rerun with -h for copyright info
==22039== Command: ./../src/main input/sensors_clear_easy_2.dat
==22039== Parent PID: 22038
==22039== 
==22039== Invalid read of size 16
==22039==    at 0x108CF8: clear (functii.h:31)
==22039==    by 0x1094EF: main (main.c:158)
==22039==  Address 0x4a4b380 is 224 bytes inside a block of size 14,112 free'd
==22039==    at 0x4867ADC: free (vg_replace_malloc.c:884)
==22039==    by 0x108CC3: clear (functii.h:28)
==22039==    by 0x1094EF: main (main.c:158)
==22039==  Block was alloc'd at
==22039==    at 0x4865168: malloc (vg_replace_malloc.c:393)
==22039==    by 0x108E6B: main (main.c:25)
==22039== 
==22039== Invalid write of size 8
==22039==    at 0x108CFC: clear (functii.h:31)
==22039==    by 0x1094EF: main (main.c:158)
==22039==  Address 0x4a4b360 is 192 bytes inside a block of size 14,112 free'd
==22039==    at 0x4867ADC: free (vg_replace_malloc.c:884)
==22039==    by 0x108CC3: clear (functii.h:28)
==22039==    by 0x1094EF: main (main.c:158)
==22039==  Block was alloc'd at
==22039==    at 0x4865168: malloc (vg_replace_malloc.c:393)
==22039==    by 0x108E6B: main (main.c:25)
==22039== 
==22039== Invalid free() / delete / delete[] / realloc()
==22039==    at 0x486A318: realloc (vg_replace_malloc.c:1451)
==22039==    by 0x108D3F: clear (functii.h:34)
==22039==    by 0x1094EF: main (main.c:158)
==22039==  Address 0x4a4b2a0 is 0 bytes inside a block of size 14,112 free'd
==22039==    at 0x4867ADC: free (vg_replace_malloc.c:884)
==22039==    by 0x108CC3: clear (functii.h:28)
==22039==    by 0x1094EF: main (main.c:158)
==22039==  Block was alloc'd at
==22039==    at 0x4865168: malloc (vg_replace_malloc.c:393)
==22039==    by 0x108E6B: main (main.c:25)
==22039== 
==22039== Invalid read of size 4
==22039==    at 0x1093F8: main (main.c:143)
==22039==  Address 0x4a4b380 is 224 bytes inside a block of size 14,112 free'd
==22039==    at 0x4867ADC: free (vg_replace_malloc.c:884)
==22039==    by 0x108CC3: clear (functii.h:28)
==22039==    by 0x1094EF: main (main.c:158)
==22039==  Block was alloc'd at
==22039==    at 0x4865168: malloc (vg_replace_malloc.c:393)
==22039==    by 0x108E6B: main (main.c:25)
==22039== 
==22039== Invalid read of size 8
==22039==    at 0x109414: main (main.c:144)
==22039==  Address 0x4a4b388 is 232 bytes inside a block of size 14,112 free'd
==22039==    at 0x4867ADC: free (vg_replace_malloc.c:884)
==22039==    by 0x108CC3: clear (functii.h:28)
==22039==    by 0x1094EF: main (main.c:158)
==22039==  Block was alloc'd at
==22039==    at 0x4865168: malloc (vg_replace_malloc.c:393)
==22039==    by 0x108E6B: main (main.c:25)
==22039== 
==22039== Invalid read of size 8
==22039==    at 0x108C9C: clear (functii.h:26)
==22039==    by 0x1094EF: main (main.c:158)
==22039==  Address 0x4a4b398 is 248 bytes inside a block of size 14,112 free'd
==22039==    at 0x4867ADC: free (vg_replace_malloc.c:884)
==22039==    by 0x108CC3: clear (functii.h:28)
==22039==    by 0x1094EF: main (main.c:158)
==22039==  Block was alloc'd at
==22039==    at 0x4865168: malloc (vg_replace_malloc.c:393)
==22039==    by 0x108E6B: main (main.c:25)
==22039== 
==22039== Invalid read of size 8
==22039==    at 0x108CB4: clear (functii.h:27)
==22039==    by 0x1094EF: main (main.c:158)
==22039==  Address 0x4a4b388 is 232 bytes inside a block of size 14,112 free'd
==22039==    at 0x4867ADC: free (vg_replace_malloc.c:884)
==22039==    by 0x108CC3: clear (functii.h:28)
==22039==    by 0x1094EF: main (main.c:158)
==22039==  Block was alloc'd at
==22039==    at 0x4865168: malloc (vg_replace_malloc.c:393)
==22039==    by 0x108E6B: main (main.c:25)
==22039== 
==22039== Invalid free() / delete / delete[] / realloc()
==22039==    at 0x4867ADC: free (vg_replace_malloc.c:884)
==22039==    by 0x108CC3: clear (functii.h:28)
==22039==    by 0x1094EF: main (main.c:158)
==22039==  Address 0x4a4b2a0 is 0 bytes inside a block of size 14,112 free'd
==22039==    at 0x4867ADC: free (vg_replace_malloc.c:884)
==22039==    by 0x108CC3: clear (functii.h:28)
==22039==    by 0x1094EF: main (main.c:158)
==22039==  Block was alloc'd at
==22039==    at 0x4865168: malloc (vg_replace_malloc.c:393)
==22039==    by 0x108E6B: main (main.c:25)
==22039== 
==22039== Invalid read of size 8
==22039==    at 0x109504: main (main.c:161)
==22039==  Address 0x4a4c908 is 5,736 bytes inside a block of size 14,112 free'd
==22039==    at 0x4867ADC: free (vg_replace_malloc.c:884)
==22039==    by 0x108CC3: clear (functii.h:28)
==22039==    by 0x1094EF: main (main.c:158)
==22039==  Block was alloc'd at
==22039==    at 0x4865168: malloc (vg_replace_malloc.c:393)
==22039==    by 0x108E6B: main (main.c:25)
==22039== 
==22039== Invalid read of size 8
==22039==    at 0x108C9C: clear (functii.h:26)
==22039==    by 0x10958F: main (main.c:171)
==22039==  Address 0x4a4ca18 is 6,008 bytes inside a block of size 14,112 free'd
==22039==    at 0x4867ADC: free (vg_replace_malloc.c:884)
==22039==    by 0x108CC3: clear (functii.h:28)
==22039==    by 0x1094EF: main (main.c:158)
==22039==  Block was alloc'd at
==22039==    at 0x4865168: malloc (vg_replace_malloc.c:393)
==22039==    by 0x108E6B: main (main.c:25)
==22039== 
==22039== Invalid read of size 8
==22039==    at 0x108CB4: clear (functii.h:27)
==22039==    by 0x10958F: main (main.c:171)
==22039==  Address 0x4a4ca08 is 5,992 bytes inside a block of size 14,112 free'd
==22039==    at 0x4867ADC: free (vg_replace_malloc.c:884)
==22039==    by 0x108CC3: clear (functii.h:28)
==22039==    by 0x1094EF: main (main.c:158)
==22039==  Block was alloc'd at
==22039==    at 0x4865168: malloc (vg_replace_malloc.c:393)
==22039==    by 0x108E6B: main (main.c:25)
==22039== 
==22039== Invalid free() / delete / delete[] / realloc()
==22039==    at 0x4867ADC: free (vg_replace_malloc.c:884)
==22039==    by 0x108CC3: clear (functii.h:28)
==22039==    by 0x10958F: main (main.c:171)
==22039==  Address 0x4a4b2a0 is 0 bytes inside a block of size 14,112 free'd
==22039==    at 0x4867ADC: free (vg_replace_malloc.c:884)
==22039==    by 0x108CC3: clear (functii.h:28)
==22039==    by 0x1094EF: main (main.c:158)
==22039==  Block was alloc'd at
==22039==    at 0x4865168: malloc (vg_replace_malloc.c:393)
==22039==    by 0x108E6B: main (main.c:25)
==22039== 
==22039== Invalid read of size 16
==22039==    at 0x108CF8: clear (functii.h:31)
==22039==    by 0x10958F: main (main.c:171)
==22039==  Address 0x4a4ca20 is 6,016 bytes inside a block of size 14,112 free'd
==22039==    at 0x4867ADC: free (vg_replace_malloc.c:884)
==22039==    by 0x108CC3: clear (functii.h:28)
==22039==    by 0x1094EF: main (main.c:158)
==22039==  Block was alloc'd at
==22039==    at 0x4865168: malloc (vg_replace_malloc.c:393)
==22039==    by 0x108E6B: main (main.c:25)
==22039== 
==22039== Invalid write of size 8
==22039==    at 0x108CFC: clear (functii.h:31)
==22039==    by 0x10958F: main (main.c:171)
==22039==  Address 0x4a4ca00 is 5,984 bytes inside a block of size 14,112 free'd
==22039==    at 0x4867ADC: free (vg_replace_malloc.c:884)
==22039==    by 0x108CC3: clear (functii.h:28)
==22039==    by 0x1094EF: main (main.c:158)
==22039==  Block was alloc'd at
==22039==    at 0x4865168: malloc (vg_replace_malloc.c:393)
==22039==    by 0x108E6B: main (main.c:25)
==22039== 
==22039== Invalid free() / delete / delete[] / realloc()
==22039==    at 0x486A318: realloc (vg_replace_malloc.c:1451)
==22039==    by 0x108D3F: clear (functii.h:34)
==22039==    by 0x10958F: main (main.c:171)
==22039==  Address 0x4a4b2a0 is 0 bytes inside a block of size 14,112 free'd
==22039==    at 0x4867ADC: free (vg_replace_malloc.c:884)
==22039==    by 0x108CC3: clear (functii.h:28)
==22039==    by 0x1094EF: main (main.c:158)
==22039==  Block was alloc'd at
==22039==    at 0x4865168: malloc (vg_replace_malloc.c:393)
==22039==    by 0x108E6B: main (main.c:25)
==22039== 
==22039== Invalid read of size 4
==22039==    at 0x109250: main (main.c:106)
==22039==  Address 0x4a4b2a0 is 0 bytes inside a block of size 14,112 free'd
==22039==    at 0x4867ADC: free (vg_replace_malloc.c:884)
==22039==    by 0x108CC3: clear (functii.h:28)
==22039==    by 0x1094EF: main (main.c:158)
==22039==  Block was alloc'd at
==22039==    at 0x4865168: malloc (vg_replace_malloc.c:393)
==22039==    by 0x108E6B: main (main.c:25)
==22039== 
==22039== Invalid read of size 8
==22039==    at 0x109270: main (main.c:107)
==22039==  Address 0x4a4b2a8 is 8 bytes inside a block of size 14,112 free'd
==22039==    at 0x4867ADC: free (vg_replace_malloc.c:884)
==22039==    by 0x108CC3: clear (functii.h:28)
==22039==    by 0x1094EF: main (main.c:158)
==22039==  Block was alloc'd at
==22039==    at 0x4865168: malloc (vg_replace_malloc.c:393)
==22039==    by 0x108E6B: main (main.c:25)
==22039== 
==22039== Invalid read of size 8
==22039==    at 0x109314: main (main.c:117)
==22039==  Address 0x4a4c848 is 5,544 bytes inside a block of size 14,112 free'd
==22039==    at 0x4867ADC: free (vg_replace_malloc.c:884)
==22039==    by 0x108CC3: clear (functii.h:28)
==22039==    by 0x1094EF: main (main.c:158)
==22039==  Block was alloc'd at
==22039==    at 0x4865168: malloc (vg_replace_malloc.c:393)
==22039==    by 0x108E6B: main (main.c:25)
==22039== 
==22039== Invalid read of size 8
==22039==    at 0x108D7C: memfree (functii.h:42)
==22039==    by 0x1096BB: main (main.c:191)
==22039==  Address 0x4a4b2b8 is 24 bytes inside a block of size 14,112 free'd
==22039==    at 0x4867ADC: free (vg_replace_malloc.c:884)
==22039==    by 0x108CC3: clear (functii.h:28)
==22039==    by 0x1094EF: main (main.c:158)
==22039==  Block was alloc'd at
==22039==    at 0x4865168: malloc (vg_replace_malloc.c:393)
==22039==    by 0x108E6B: main (main.c:25)
==22039== 
==22039== Invalid read of size 8
==22039==    at 0x108D94: memfree (functii.h:43)
==22039==    by 0x1096BB: main (main.c:191)
==22039==  Address 0x4a4b2a8 is 8 bytes inside a block of size 14,112 free'd
==22039==    at 0x4867ADC: free (vg_replace_malloc.c:884)
==22039==    by 0x108CC3: clear (functii.h:28)
==22039==    by 0x1094EF: main (main.c:158)
==22039==  Block was alloc'd at
==22039==    at 0x4865168: malloc (vg_replace_malloc.c:393)
==22039==    by 0x108E6B: main (main.c:25)
==22039== 
==22039== Invalid free() / delete / delete[] / realloc()
==22039==    at 0x4867ADC: free (vg_replace_malloc.c:884)
==22039==    by 0x108D83: memfree (functii.h:42)
==22039==    by 0x1096BB: main (main.c:191)
==22039==  Address 0x4a60f70 is 0 bytes inside a block of size 20 free'd
==22039==    at 0x4867ADC: free (vg_replace_malloc.c:884)
==22039==    by 0x108D83: memfree (functii.h:42)
==22039==    by 0x1096BB: main (main.c:191)
==22039==  Block was alloc'd at
==22039==    at 0x4865168: malloc (vg_replace_malloc.c:393)
==22039==    by 0x108F9B: main (main.c:51)
==22039== 
==22039== Invalid free() / delete / delete[] / realloc()
==22039==    at 0x4867ADC: free (vg_replace_malloc.c:884)
==22039==    by 0x108D9B: memfree (functii.h:43)
==22039==    by 0x1096BB: main (main.c:191)
==22039==  Address 0x4a60f20 is 0 bytes inside a block of size 16 free'd
==22039==    at 0x4867ADC: free (vg_replace_malloc.c:884)
==22039==    by 0x108D9B: memfree (functii.h:43)
==22039==    by 0x1096BB: main (main.c:191)
==22039==  Block was alloc'd at
==22039==    at 0x4865168: malloc (vg_replace_malloc.c:393)
==22039==    by 0x108ECB: main (main.c:32)
==22039== 
==22039== Invalid free() / delete / delete[] / realloc()
==22039==    at 0x4867ADC: free (vg_replace_malloc.c:884)
==22039==    by 0x108DBF: memfree (functii.h:45)
==22039==    by 0x1096BB: main (main.c:191)
==22039==  Address 0x4a4b2a0 is 0 bytes inside a block of size 14,112 free'd
==22039==    at 0x4867ADC: free (vg_replace_malloc.c:884)
==22039==    by 0x108CC3: clear (functii.h:28)
==22039==    by 0x1094EF: main (main.c:158)
==22039==  Block was alloc'd at
==22039==    at 0x4865168: malloc (vg_replace_malloc.c:393)
==22039==    by 0x108E6B: main (main.c:25)
==22039== 
==22039== 
==22039== HEAP SUMMARY:
==22039==     in use at exit: 0 bytes in 0 blocks
==22039==   total heap usage: 975 allocs, 1,239 frees, 1,279,908 bytes allocated
==22039== 
==22039== All heap blocks were freed -- no leaks are possible
==22039== 
==22039== For lists of detected and suppressed errors, rerun with: -s
==22039== ERROR SUMMARY: 524538 errors from 23 contexts (suppressed: 0 from 0)
