==22221== Memcheck, a memory error detector
==22221== Copyright (C) 2002-2022, and GNU GPL'd, by Julian Seward et al.
==22221== Using Valgrind-3.20.0 and LibVEX; rerun with -h for copyright info
==22221== Command: ./../src/main input/sensors_clear_hard_2.dat
==22221== Parent PID: 22220
==22221== 
==22221== Invalid read of size 16
==22221==    at 0x108CF8: clear (functii.h:31)
==22221==    by 0x1094EF: main (main.c:158)
==22221==  Address 0x4a4b320 is 128 bytes inside a block of size 15,072 free'd
==22221==    at 0x4867ADC: free (vg_replace_malloc.c:884)
==22221==    by 0x108CC3: clear (functii.h:28)
==22221==    by 0x1094EF: main (main.c:158)
==22221==  Block was alloc'd at
==22221==    at 0x4865168: malloc (vg_replace_malloc.c:393)
==22221==    by 0x108E6B: main (main.c:25)
==22221== 
==22221== Invalid write of size 8
==22221==    at 0x108CFC: clear (functii.h:31)
==22221==    by 0x1094EF: main (main.c:158)
==22221==  Address 0x4a4b300 is 96 bytes inside a block of size 15,072 free'd
==22221==    at 0x4867ADC: free (vg_replace_malloc.c:884)
==22221==    by 0x108CC3: clear (functii.h:28)
==22221==    by 0x1094EF: main (main.c:158)
==22221==  Block was alloc'd at
==22221==    at 0x4865168: malloc (vg_replace_malloc.c:393)
==22221==    by 0x108E6B: main (main.c:25)
==22221== 
==22221== Invalid free() / delete / delete[] / realloc()
==22221==    at 0x486A318: realloc (vg_replace_malloc.c:1451)
==22221==    by 0x108D3F: clear (functii.h:34)
==22221==    by 0x1094EF: main (main.c:158)
==22221==  Address 0x4a4b2a0 is 0 bytes inside a block of size 15,072 free'd
==22221==    at 0x4867ADC: free (vg_replace_malloc.c:884)
==22221==    by 0x108CC3: clear (functii.h:28)
==22221==    by 0x1094EF: main (main.c:158)
==22221==  Block was alloc'd at
==22221==    at 0x4865168: malloc (vg_replace_malloc.c:393)
==22221==    by 0x108E6B: main (main.c:25)
==22221== 
==22221== Invalid read of size 4
==22221==    at 0x1093F8: main (main.c:143)
==22221==  Address 0x4a4b320 is 128 bytes inside a block of size 15,072 free'd
==22221==    at 0x4867ADC: free (vg_replace_malloc.c:884)
==22221==    by 0x108CC3: clear (functii.h:28)
==22221==    by 0x1094EF: main (main.c:158)
==22221==  Block was alloc'd at
==22221==    at 0x4865168: malloc (vg_replace_malloc.c:393)
==22221==    by 0x108E6B: main (main.c:25)
==22221== 
==22221== Invalid read of size 8
==22221==    at 0x109414: main (main.c:144)
==22221==  Address 0x4a4b328 is 136 bytes inside a block of size 15,072 free'd
==22221==    at 0x4867ADC: free (vg_replace_malloc.c:884)
==22221==    by 0x108CC3: clear (functii.h:28)
==22221==    by 0x1094EF: main (main.c:158)
==22221==  Block was alloc'd at
==22221==    at 0x4865168: malloc (vg_replace_malloc.c:393)
==22221==    by 0x108E6B: main (main.c:25)
==22221== 
==22221== Invalid read of size 8
==22221==    at 0x108C9C: clear (functii.h:26)
==22221==    by 0x1094EF: main (main.c:158)
==22221==  Address 0x4a4b398 is 248 bytes inside a block of size 15,072 free'd
==22221==    at 0x4867ADC: free (vg_replace_malloc.c:884)
==22221==    by 0x108CC3: clear (functii.h:28)
==22221==    by 0x1094EF: main (main.c:158)
==22221==  Block was alloc'd at
==22221==    at 0x4865168: malloc (vg_replace_malloc.c:393)
==22221==    by 0x108E6B: main (main.c:25)
==22221== 
==22221== Invalid read of size 8
==22221==    at 0x108CB4: clear (functii.h:27)
==22221==    by 0x1094EF: main (main.c:158)
==22221==  Address 0x4a4b388 is 232 bytes inside a block of size 15,072 free'd
==22221==    at 0x4867ADC: free (vg_replace_malloc.c:884)
==22221==    by 0x108CC3: clear (functii.h:28)
==22221==    by 0x1094EF: main (main.c:158)
==22221==  Block was alloc'd at
==22221==    at 0x4865168: malloc (vg_replace_malloc.c:393)
==22221==    by 0x108E6B: main (main.c:25)
==22221== 
==22221== Invalid free() / delete / delete[] / realloc()
==22221==    at 0x4867ADC: free (vg_replace_malloc.c:884)
==22221==    by 0x108CC3: clear (functii.h:28)
==22221==    by 0x1094EF: main (main.c:158)
==22221==  Address 0x4a4b2a0 is 0 bytes inside a block of size 15,072 free'd
==22221==    at 0x4867ADC: free (vg_replace_malloc.c:884)
==22221==    by 0x108CC3: clear (functii.h:28)
==22221==    by 0x1094EF: main (main.c:158)
==22221==  Block was alloc'd at
==22221==    at 0x4865168: malloc (vg_replace_malloc.c:393)
==22221==    by 0x108E6B: main (main.c:25)
==22221== 
==22221== Invalid read of size 8
==22221==    at 0x109504: main (main.c:161)
==22221==  Address 0x4a4cce8 is 6,728 bytes inside a block of size 15,072 free'd
==22221==    at 0x4867ADC: free (vg_replace_malloc.c:884)
==22221==    by 0x108CC3: clear (functii.h:28)
==22221==    by 0x1094EF: main (main.c:158)
==22221==  Block was alloc'd at
==22221==    at 0x4865168: malloc (vg_replace_malloc.c:393)
==22221==    by 0x108E6B: main (main.c:25)
==22221== 
==22221== Invalid read of size 8
==22221==    at 0x108C9C: clear (functii.h:26)
==22221==    by 0x10958F: main (main.c:171)
==22221==  Address 0x4a4cdb8 is 6,936 bytes inside a block of size 15,072 free'd
==22221==    at 0x4867ADC: free (vg_replace_malloc.c:884)
==22221==    by 0x108CC3: clear (functii.h:28)
==22221==    by 0x1094EF: main (main.c:158)
==22221==  Block was alloc'd at
==22221==    at 0x4865168: malloc (vg_replace_malloc.c:393)
==22221==    by 0x108E6B: main (main.c:25)
==22221== 
==22221== Invalid read of size 8
==22221==    at 0x108CB4: clear (functii.h:27)
==22221==    by 0x10958F: main (main.c:171)
==22221==  Address 0x4a4cda8 is 6,920 bytes inside a block of size 15,072 free'd
==22221==    at 0x4867ADC: free (vg_replace_malloc.c:884)
==22221==    by 0x108CC3: clear (functii.h:28)
==22221==    by 0x1094EF: main (main.c:158)
==22221==  Block was alloc'd at
==22221==    at 0x4865168: malloc (vg_replace_malloc.c:393)
==22221==    by 0x108E6B: main (main.c:25)
==22221== 
==22221== Invalid free() / delete / delete[] / realloc()
==22221==    at 0x4867ADC: free (vg_replace_malloc.c:884)
==22221==    by 0x108CC3: clear (functii.h:28)
==22221==    by 0x10958F: main (main.c:171)
==22221==  Address 0x4a4b2a0 is 0 bytes inside a block of size 15,072 free'd
==22221==    at 0x4867ADC: free (vg_replace_malloc.c:884)
==22221==    by 0x108CC3: clear (functii.h:28)
==22221==    by 0x1094EF: main (main.c:158)
==22221==  Block was alloc'd at
==22221==    at 0x4865168: malloc (vg_replace_malloc.c:393)
==22221==    by 0x108E6B: main (main.c:25)
==22221== 
==22221== Invalid read of size 16
==22221==    at 0x108CF8: clear (functii.h:31)
==22221==    by 0x10958F: main (main.c:171)
==22221==  Address 0x4a4cdc0 is 6,944 bytes inside a block of size 15,072 free'd
==22221==    at 0x4867ADC: free (vg_replace_malloc.c:884)
==22221==    by 0x108CC3: clear (functii.h:28)
==22221==    by 0x1094EF: main (main.c:158)
==22221==  Block was alloc'd at
==22221==    at 0x4865168: malloc (vg_replace_malloc.c:393)
==22221==    by 0x108E6B: main (main.c:25)
==22221== 
==22221== Invalid write of size 8
==22221==    at 0x108CFC: clear (functii.h:31)
==22221==    by 0x10958F: main (main.c:171)
==22221==  Address 0x4a4cda0 is 6,912 bytes inside a block of size 15,072 free'd
==22221==    at 0x4867ADC: free (vg_replace_malloc.c:884)
==22221==    by 0x108CC3: clear (functii.h:28)
==22221==    by 0x1094EF: main (main.c:158)
==22221==  Block was alloc'd at
==22221==    at 0x4865168: malloc (vg_replace_malloc.c:393)
==22221==    by 0x108E6B: main (main.c:25)
==22221== 
==22221== Invalid free() / delete / delete[] / realloc()
==22221==    at 0x486A318: realloc (vg_replace_malloc.c:1451)
==22221==    by 0x108D3F: clear (functii.h:34)
==22221==    by 0x10958F: main (main.c:171)
==22221==  Address 0x4a4b2a0 is 0 bytes inside a block of size 15,072 free'd
==22221==    at 0x4867ADC: free (vg_replace_malloc.c:884)
==22221==    by 0x108CC3: clear (functii.h:28)
==22221==    by 0x1094EF: main (main.c:158)
==22221==  Block was alloc'd at
==22221==    at 0x4865168: malloc (vg_replace_malloc.c:393)
==22221==    by 0x108E6B: main (main.c:25)
==22221== 
==22221== Invalid read of size 4
==22221==    at 0x109250: main (main.c:106)
==22221==  Address 0x4a4b2a0 is 0 bytes inside a block of size 15,072 free'd
==22221==    at 0x4867ADC: free (vg_replace_malloc.c:884)
==22221==    by 0x108CC3: clear (functii.h:28)
==22221==    by 0x1094EF: main (main.c:158)
==22221==  Block was alloc'd at
==22221==    at 0x4865168: malloc (vg_replace_malloc.c:393)
==22221==    by 0x108E6B: main (main.c:25)
==22221== 
==22221== Invalid read of size 8
==22221==    at 0x109270: main (main.c:107)
==22221==  Address 0x4a4b2a8 is 8 bytes inside a block of size 15,072 free'd
==22221==    at 0x4867ADC: free (vg_replace_malloc.c:884)
==22221==    by 0x108CC3: clear (functii.h:28)
==22221==    by 0x1094EF: main (main.c:158)
==22221==  Block was alloc'd at
==22221==    at 0x4865168: malloc (vg_replace_malloc.c:393)
==22221==    by 0x108E6B: main (main.c:25)
==22221== 
==22221== Invalid read of size 4
==22221==    at 0x10967C: main (main.c:181)
==22221==  Address 0x4a4b2b0 is 16 bytes inside a block of size 15,072 free'd
==22221==    at 0x4867ADC: free (vg_replace_malloc.c:884)
==22221==    by 0x108CC3: clear (functii.h:28)
==22221==    by 0x1094EF: main (main.c:158)
==22221==  Block was alloc'd at
==22221==    at 0x4865168: malloc (vg_replace_malloc.c:393)
==22221==    by 0x108E6B: main (main.c:25)
==22221== 
==22221== Invalid read of size 8
==22221==    at 0x10960C: main (main.c:182)
==22221==  Address 0x4a4b2a8 is 8 bytes inside a block of size 15,072 free'd
==22221==    at 0x4867ADC: free (vg_replace_malloc.c:884)
==22221==    by 0x108CC3: clear (functii.h:28)
==22221==    by 0x1094EF: main (main.c:158)
==22221==  Block was alloc'd at
==22221==    at 0x4865168: malloc (vg_replace_malloc.c:393)
==22221==    by 0x108E6B: main (main.c:25)
==22221== 
==22221== Invalid read of size 8
==22221==    at 0x109628: main (main.c:183)
==22221==  Address 0x4a4b2b8 is 24 bytes inside a block of size 15,072 free'd
==22221==    at 0x4867ADC: free (vg_replace_malloc.c:884)
==22221==    by 0x108CC3: clear (functii.h:28)
==22221==    by 0x1094EF: main (main.c:158)
==22221==  Block was alloc'd at
==22221==    at 0x4865168: malloc (vg_replace_malloc.c:393)
==22221==    by 0x108E6B: main (main.c:25)
==22221== 
==22221== Invalid read of size 8
==22221==    at 0x109314: main (main.c:117)
==22221==  Address 0x4a4cb28 is 6,280 bytes inside a block of size 15,072 free'd
==22221==    at 0x4867ADC: free (vg_replace_malloc.c:884)
==22221==    by 0x108CC3: clear (functii.h:28)
==22221==    by 0x1094EF: main (main.c:158)
==22221==  Block was alloc'd at
==22221==    at 0x4865168: malloc (vg_replace_malloc.c:393)
==22221==    by 0x108E6B: main (main.c:25)
==22221== 
==22221== Invalid read of size 8
==22221==    at 0x108D7C: memfree (functii.h:42)
==22221==    by 0x1096BB: main (main.c:191)
==22221==  Address 0x4a4b2b8 is 24 bytes inside a block of size 15,072 free'd
==22221==    at 0x4867ADC: free (vg_replace_malloc.c:884)
==22221==    by 0x108CC3: clear (functii.h:28)
==22221==    by 0x1094EF: main (main.c:158)
==22221==  Block was alloc'd at
==22221==    at 0x4865168: malloc (vg_replace_malloc.c:393)
==22221==    by 0x108E6B: main (main.c:25)
==22221== 
==22221== Invalid read of size 8
==22221==    at 0x108D94: memfree (functii.h:43)
==22221==    by 0x1096BB: main (main.c:191)
==22221==  Address 0x4a4b2a8 is 8 bytes inside a block of size 15,072 free'd
==22221==    at 0x4867ADC: free (vg_replace_malloc.c:884)
==22221==    by 0x108CC3: clear (functii.h:28)
==22221==    by 0x1094EF: main (main.c:158)
==22221==  Block was alloc'd at
==22221==    at 0x4865168: malloc (vg_replace_malloc.c:393)
==22221==    by 0x108E6B: main (main.c:25)
==22221== 
==22221== Invalid free() / delete / delete[] / realloc()
==22221==    at 0x4867ADC: free (vg_replace_malloc.c:884)
==22221==    by 0x108D83: memfree (functii.h:42)
==22221==    by 0x1096BB: main (main.c:191)
==22221==  Address 0x4a62c40 is 0 bytes inside a block of size 4 free'd
==22221==    at 0x4867ADC: free (vg_replace_malloc.c:884)
==22221==    by 0x108D83: memfree (functii.h:42)
==22221==    by 0x1096BB: main (main.c:191)
==22221==  Block was alloc'd at
==22221==    at 0x4865168: malloc (vg_replace_malloc.c:393)
==22221==    by 0x108F9B: main (main.c:51)
==22221== 
==22221== Invalid free() / delete / delete[] / realloc()
==22221==    at 0x4867ADC: free (vg_replace_malloc.c:884)
==22221==    by 0x108D9B: memfree (functii.h:43)
==22221==    by 0x1096BB: main (main.c:191)
==22221==  Address 0x4a62bf0 is 0 bytes inside a block of size 16 free'd
==22221==    at 0x4867ADC: free (vg_replace_malloc.c:884)
==22221==    by 0x108D9B: memfree (functii.h:43)
==22221==    by 0x1096BB: main (main.c:191)
==22221==  Block was alloc'd at
==22221==    at 0x4865168: malloc (vg_replace_malloc.c:393)
==22221==    by 0x108ECB: main (main.c:32)
==22221== 
==22221== Invalid free() / delete / delete[] / realloc()
==22221==    at 0x4867ADC: free (vg_replace_malloc.c:884)
==22221==    by 0x108DBF: memfree (functii.h:45)
==22221==    by 0x1096BB: main (main.c:191)
==22221==  Address 0x4a4b2a0 is 0 bytes inside a block of size 15,072 free'd
==22221==    at 0x4867ADC: free (vg_replace_malloc.c:884)
==22221==    by 0x108CC3: clear (functii.h:28)
==22221==    by 0x1094EF: main (main.c:158)
==22221==  Block was alloc'd at
==22221==    at 0x4865168: malloc (vg_replace_malloc.c:393)
==22221==    by 0x108E6B: main (main.c:25)
==22221== 
==22221== 
==22221== HEAP SUMMARY:
==22221==     in use at exit: 0 bytes in 0 blocks
==22221==   total heap usage: 1,041 allocs, 1,323 frees, 1,456,828 bytes allocated
==22221== 
==22221== All heap blocks were freed -- no leaks are possible
==22221== 
==22221== For lists of detected and suppressed errors, rerun with: -s
==22221== ERROR SUMMARY: 614993 errors from 26 contexts (suppressed: 0 from 0)
